[debug] [2020-03-03T10:17:32.260Z] ----------------------------------------------------------------------
[debug] [2020-03-03T10:17:32.261Z] Command:       C:\Program Files (x86)\nodejs\node.exe C:\Users\Student-PC\AppData\Roaming\npm\node_modules\firebase-tools\lib\bin\firebase.js init
[debug] [2020-03-03T10:17:32.261Z] CLI Version:   7.14.0
[debug] [2020-03-03T10:17:32.261Z] Platform:      win32
[debug] [2020-03-03T10:17:32.261Z] Node Version:  v12.13.1
[debug] [2020-03-03T10:17:32.262Z] Time:          Tue Mar 03 2020 15:17:32 GMT+0500 (Pakistan Standard Time)
[debug] [2020-03-03T10:17:32.262Z] ----------------------------------------------------------------------
[debug] [2020-03-03T10:17:32.262Z] 
[debug] [2020-03-03T10:17:32.266Z] > command requires scopes: ["email","openid","https://www.googleapis.com/auth/cloudplatformprojects.readonly","https://www.googleapis.com/auth/firebase","https://www.googleapis.com/auth/cloud-platform"]
[debug] [2020-03-03T10:17:32.267Z] > authorizing via signed-in user
[info] 
     ######## #### ########  ######## ########     ###     ######  ########
     ##        ##  ##     ## ##       ##     ##  ##   ##  ##       ##
     ######    ##  ########  ######   ########  #########  ######  ######
     ##        ##  ##    ##  ##       ##     ## ##     ##       ## ##
     ##       #### ##     ## ######## ########  ##     ##  ######  ########

You're about to initialize a Firebase project in this directory:

  C:\Users\Student-PC\Desktop\desktop data\SAYLANI

[info] 
=== Project Setup
[info] 
[info] First, let's associate this project directory with a Firebase project.
[info] You can create multiple project aliases by running firebase use --add, 
[info] but for now we'll just set up a default project.
[info] 
[debug] [2020-03-03T10:20:38.149Z] > refreshing access token with scopes: ["email","https://www.googleapis.com/auth/cloud-platform","https://www.googleapis.com/auth/cloudplatformprojects.readonly","https://www.googleapis.com/auth/firebase","openid"]
[debug] [2020-03-03T10:20:38.149Z] >>> HTTP REQUEST POST https://www.googleapis.com/oauth2/v3/token  
 <request body omitted>
[debug] [2020-03-03T10:20:38.532Z] <<< HTTP RESPONSE 200
[debug] [2020-03-03T10:20:38.555Z] >>> HTTP REQUEST GET https://firebase.googleapis.com/v1beta1/projects?pageSize=100  
 
[debug] [2020-03-03T10:20:39.160Z] <<< HTTP RESPONSE 200
[info] i  Using project saylani-dc2ba (Saylani)
[info] 
=== Hosting Setup
[info] 
[info] Your public directory is the folder (relative to your project directory) that
[info] will contain Hosting assets to be uploaded with firebase deploy. If you
[info] have a build process for your assets, use your build's output directory.
[info] 
[debug] [2020-03-03T10:30:07.337Z] Error: kill ENOSYS
    at process.kill (internal/process/per_thread.js:189:13)
    at process.listener (C:\Users\Student-PC\AppData\Roaming\npm\node_modules\firebase-tools\node_modules\signal-exit\index.js:95:15)
    at process.emit (events.js:210:5)
[error] 
[error] Error: An unexpected error has occurred.
